*** Using Compiler 'V5.06 update 7 (build 960)', folder: 'D:\Keil_v5\ARM\ARMCC\Bin'
Build target 'Robotics'
assembling startup_stm32f103xe.s...
compiling stm32f1xx_hal_msp.c...
compiling gpio.c...
compiling stm32f1xx_hal.c...
compiling usart.c...
compiling stm32f1xx_hal_gpio_ex.c...
compiling main.c...
compiling stm32f1xx_it.c...
compiling stm32f1xx_hal_gpio.c...
compiling stm32f1xx_hal_cortex.c...
compiling tim.c...
compiling stm32f1xx_hal_rcc_ex.c...
compiling stm32f1xx_hal_dma.c...
compiling stm32f1xx_hal_rcc.c...
compiling stm32f1xx_hal_tim_ex.c...
compiling stm32f1xx_hal_tim.c...
compiling AutoPath.c...
compiling stm32f1xx_hal_pwr.c...
compiling Servo.c...
compiling system_stm32f1xx.c...
compiling stm32f1xx_hal_flash.c...
compiling Motor.c...
compiling stm32f1xx_hal_flash_ex.c...
compiling Serial.c...
compiling stm32f1xx_hal_exti.c...
compiling stm32f1xx_hal_uart.c...
linking...
Program Size: Code=11450 RO-data=378 RW-data=20 ZI-data=2068  
FromELF: creating hex file...
"Robotics\Robotics.axf" - 0 Error(s), 0 Warning(s).
Build Time Elapsed:  00:00:07
